0 silly argv {
0 silly argv   _: [ 'bootstrap' ],
0 silly argv   lernaVersion: '4.0.0',
0 silly argv   '$0': '/usr/local/node/node_global/bin/lerna'
0 silly argv }
1 notice cli v4.0.0
2 verbose rootPath /home/linqi/Desktop/scaffold/lq-cli/lq-dev
3 error JSONError: Unexpected token "/" (0x2F) in JSON at position 399 while parsing near "...ependencies\": {\n    // \"@lq-dev/get-npm-..." in core/cli/package.json
3 error
3 error [0m [90m 21 |[39m   }[33m,[39m[0m
3 error [0m [90m 22 |[39m   [32m"dependencies"[39m[33m:[39m {[0m
3 error [0m[31m[1m>[22m[39m[90m 23 |[39m     [90m// "@lq-dev/get-npm-info": "file:../../utils/get-npm-info",[39m[0m
3 error [0m [90m    |[39m     [31m[1m^[22m[39m[0m
3 error [0m [90m 24 |[39m     [90m// "@lq-dev/log": "file:../../utils/log",[39m[0m
3 error [0m [90m 25 |[39m     [90m// "@lq-dev/init": "file:../../commands/init",[39m[0m
3 error [0m [90m 26 |[39m     [90m// "@lq-dev/exec": "file:../exec",[39m[0m
3 error
3 error     at parseJson (/home/linqi/Desktop/scaffold/lq-cli/lq-dev/node_modules/parse-json/index.js:29:21)
3 error     at parse (/home/linqi/Desktop/scaffold/lq-cli/lq-dev/node_modules/load-json-file/index.js:15:9)
3 error     at module.exports (/home/linqi/Desktop/scaffold/lq-cli/lq-dev/node_modules/load-json-file/index.js:18:47)
